<?xml version="1.0" encoding="UTF-8"?>
<!-- Generated by org.testng.reporters.JUnitReportReporter -->
<testsuite hostname="RomaK-1115" failures="0" tests="1" name="mk.ukim.finki.seleniumtesting.LoginTest" time="7.720" errors="0" timestamp="07 Sep 2022 11:05:33 GMT" skipped="0">
  <testcase classname="mk.ukim.finki.seleniumtesting.LoginTest" name="shouldOpen" time="7.720"/>
</testsuite> <!-- mk.ukim.finki.seleniumtesting.LoginTest -->
